<?xml version="1.0" encoding="UTF-8"?>
<testsuite name="TestSentenceFind" tests="4" skipped="0" failures="0" errors="0" timestamp="2021-09-19T16:05:53" hostname="LAPTOP-EOATB9NH" time="0.036">
  <properties/>
  <testcase name="simpleTestOnWord()" classname="TestSentenceFind" time="0.028"/>
  <testcase name="testOnEmpty()" classname="TestSentenceFind" time="0.001"/>
  <testcase name="simpleTestOnLetter()" classname="TestSentenceFind" time="0.002"/>
  <testcase name="testNoMatches()" classname="TestSentenceFind" time="0.001"/>
  <system-out><![CDATA[]]></system-out>
  <system-err><![CDATA[]]></system-err>
</testsuite>
